Change Component Designator: OldDesignator=C_IS1 NewDesignator=C7
Change Component Designator: OldDesignator=C_IS2 NewDesignator=C9
Change Component Designator: OldDesignator=C_IS3 NewDesignator=C11
Change Component Designator: OldDesignator=C_IS4 NewDesignator=C13
Change Component Designator: OldDesignator=C_IS5 NewDesignator=C15
Change Component Designator: OldDesignator=C_IS6 NewDesignator=C17
Change Component Designator: OldDesignator=C_SR1 NewDesignator=C8
Change Component Designator: OldDesignator=C_SR2 NewDesignator=C10
Change Component Designator: OldDesignator=C_SR3 NewDesignator=C12
Change Component Designator: OldDesignator=C_SR4 NewDesignator=C14
Change Component Designator: OldDesignator=C_SR5 NewDesignator=C16
Change Component Designator: OldDesignator=C_SR6 NewDesignator=C18
Change Component Designator: OldDesignator=R_IS1 NewDesignator=R15
Change Component Designator: OldDesignator=R_IS2 NewDesignator=R17
Change Component Designator: OldDesignator=R_IS3 NewDesignator=R19
Change Component Designator: OldDesignator=R_IS4 NewDesignator=R21
Change Component Designator: OldDesignator=R_IS5 NewDesignator=R23
Change Component Designator: OldDesignator=R_IS6 NewDesignator=R25
Change Component Designator: OldDesignator=R_SR1 NewDesignator=R16
Change Component Designator: OldDesignator=R_SR2 NewDesignator=R18
Change Component Designator: OldDesignator=R_SR3 NewDesignator=R20
Change Component Designator: OldDesignator=R_SR4 NewDesignator=R22
Change Component Designator: OldDesignator=R_SR5 NewDesignator=R24
Change Component Designator: OldDesignator=R_SR6 NewDesignator=R26
Change Component Designator: OldDesignator=SLR1 NewDesignator=R27
Change Component Designator: OldDesignator=SLR2 NewDesignator=R28
Change Component Designator: OldDesignator=SLR3 NewDesignator=R29
Change Component Designator: OldDesignator=SLR4 NewDesignator=R30
Change Component Designator: OldDesignator=SLR5 NewDesignator=R31
